#
# A fatal error has been detected by the Java Runtime Environment:
#
#  SIGSEGV (0xb) at pc=0x00000001df635145, pid=11441, tid=4103
#
# JRE version: Java(TM) SE Runtime Environment (8.0-b132) (build 1.8.0-b132)
# Java VM: Java HotSpot(TM) 64-Bit Server VM (25.0-b70 mixed mode bsd-amd64 compressed oops)
# Problematic frame:
# C  [libglass.dylib+0x1b145]  GlassScreenDidChangeScreenParameters+0x25
#
# Failed to write core dump. Core dumps have been disabled. To enable core dumping, try "ulimit -c unlimited" before starting Java again
#
# If you would like to submit a bug report, please visit:
#   http://bugreport.sun.com/bugreport/crash.jsp
#

---------------  T H R E A D  ---------------

Current thread is native thread

siginfo:si_signo=SIGSEGV: si_errno=0, si_code=1 (SEGV_MAPERR), si_addr=0x0000000000000000

Registers:
RAX=0x00000001df667910, RBX=0x0000000000000000, RCX=0x7965ea73de136fa3, RDX=0x00007fff75c3a9d0
RSP=0x00007fff596099e0, RBP=0x00007fff596099f0, RSI=0x00007fdf53217870, RDI=0x0000000000000000
R8 =0x0000000000002060, R9 =0x00007fff59609310, R10=0x0000000000000008, R11=0x0000000000000246
R12=0x0000000000000001, R13=0x0000000000000000, R14=0x00007fdf524f25b0, R15=0x00007fdf524f1a20
RIP=0x00000001df635145, EFLAGS=0x0000000000010246, ERR=0x0000000000000004
  TRAPNO=0x000000000000000e

Top of Stack: (sp=0x00007fff596099e0)
0x00007fff596099e0:   00007fff596099f0 00007fdf524f1a20
0x00007fff596099f0:   00007fff59609b30 00007fff8e760eda
0x00007fff59609a00:   0000000000000002 0000000000000000
0x00007fff59609a10:   00007fdf52434390 00007fdf5322bd70
0x00007fff59609a20:   00000000000f4367 0000000000000001
0x00007fff59609a30:   00007fdf52431c70 00007fdf52444a60
0x00007fff59609a40:   00007fdf52435e30 0000000000000001
0x00007fff59609a50:   00007fdf524f1a20 0000000000000000
0x00007fff59609a60:   000000000000007d 00007fdf5322bd60
0x00007fff59609a70:   0000000000000000 0000000000000015
0x00007fff59609a80:   00007fff7572a0e0 0000000042000000
0x00007fff59609a90:   00007fff8e80a5b0 00007fff769c3d60
0x00007fff59609aa0:   00007fdf5322bd60 0000000000000015
0x00007fff59609ab0:   0000000000000000 00000000000f4268
0x00007fff59609ac0:   00007fdf524449b0 00007fdf52431c70
0x00007fff59609ad0:   0000000000000019 0000000000000000
0x00007fff59609ae0:   00007fdf52435e30 0000000000000000
0x00007fff59609af0:   00007fff59609b30 00007fff8cb6e8a3
0x00007fff59609b00:   00007fdf53532ee0 00007fdf52431c70
0x00007fff59609b10:   0000000000000000 0000000000000000
0x00007fff59609b20:   00007fdf53532ee0 0000000000000000
0x00007fff59609b30:   00007fff59609b50 00007fff8cb6e7b6
0x00007fff59609b40:   00007fff8c39e240 00007fdf52435e30
0x00007fff59609b50:   00007fff59609c60 00007fff877fda24
0x00007fff59609b60:   00007fdf52435e30 0000000100000000
0x00007fff59609b70:   0000000000000000 0000000000000000
0x00007fff59609b80:   0000000000000001 0000000000000000
0x00007fff59609b90:   00007fff59609c60 00007fff8c39e2fc
0x00007fff59609ba0:   00007fff59609cb0 0000000000002060
0x00007fff59609bb0:   0000000000000000 0000000000000001
0x00007fff59609bc0:   00007fff87de2863 00007fdf52435e30
0x00007fff59609bd0:   00007fff75bff808 00007fff8575b744 

Instructions: (pc=0x00000001df635145)
0x00000001df635125:   48 83 ec 08 48 8d 05 d8 28 03 00 48 8b 00 48 85
0x00000001df635135:   c0 48 89 fb 75 2e 48 8d 05 ce 27 03 00 48 8b 30
0x00000001df635145:   48 8b 03 48 8d 15 88 90 01 00 48 8d 0d da 50 01
0x00000001df635155:   00 48 89 df ff 90 88 03 00 00 48 8d 0d a2 28 03 

Register to memory mapping:

RAX=0x00000001df667910: jScreenClass+0 in /Library/Java/JavaVirtualMachines/jdk1.8.0.jdk/Contents/Home/jre/lib/libglass.dylib at 0x00000001df61a000
RBX=0x0000000000000000 is an unknown value
RCX=0x7965ea73de136fa3 is an unknown value
RDX=0x00007fff75c3a9d0: __sFX+0x1d0 in /usr/lib/system/libsystem_c.dylib at 0x00007fff88207000
RSP=0x00007fff596099e0 is an unknown value
RBP=0x00007fff596099f0 is an unknown value
RSI=0x00007fdf53217870 is a global jni handle
RDI=0x0000000000000000 is an unknown value
R8 =0x0000000000002060 is an unknown value
R9 =0x00007fff59609310 is an unknown value
R10=0x0000000000000008 is an unknown value
R11=0x0000000000000246 is an unknown value
R12=0x0000000000000001 is an unknown value
R13=0x0000000000000000 is an unknown value
R14=0x00007fdf524f25b0 is an unknown value
R15=0x00007fdf524f1a20 is an unknown value


Stack: [0x00007fff58e11000,0x00007fff59611000],  sp=0x00007fff596099e0,  free space=8162k
Native frames: (J=compiled Java code, j=interpreted, Vv=VM code, C=native code)
C  [libglass.dylib+0x1b145]  GlassScreenDidChangeScreenParameters+0x25
C  [CoreFoundation+0x45eda]  _CFXNotificationPost+0x9fa
C  [Foundation+0x497b6]  -[NSNotificationCenter postNotificationName:object:userInfo:]+0x40
C  [AppKit+0x3a0a24]  -[NSApplication _reactToDisplayChanged:resetScreens:]+0x17b
C  [AppKit+0x5a465]  _NSCoreDockMessageReceive+0x403
C  [HIToolbox+0x3f19]  _ZL12DockCallbackjjPvS_+0x869
C  [HIServices+0x1db7]  dockClientNotificationProc+0x120
C  [CoreGraphics+0xa4c5c]  notify_datagram_handler+0x26d
C  [CoreGraphics+0x64bbf]  CGSDispatchDatagramsFromStream+0xed
C  [CoreGraphics+0x647f2]  snarf_events+0x16f
C  [CoreGraphics+0x64577]  CGSGetNextEventRecordInternal+0x7a
C  [CoreGraphics+0x644b4]  CGEventCreateNextEvent+0x1f
C  [HIToolbox+0x665f7]  _ZL38PullEventsFromWindowServerOnConnectionjh+0x47
C  [CoreFoundation+0x2e40]  __CFMachPortPerform+0x120
C  [CoreFoundation+0x2d09]  __CFRUNLOOP_IS_CALLING_OUT_TO_A_SOURCE1_PERFORM_FUNCTION__+0x29
C  [CoreFoundation+0x2a49]  __CFRunLoopDoSource1+0x99
C  [CoreFoundation+0x35c02]  __CFRunLoopRun+0x722
C  [CoreFoundation+0x350e2]  CFRunLoopRunSpecific+0x122
C  [java+0x56db]  CreateExecutionEnvironment+0x367
C  [java+0x167c]  JLI_Launch+0x7a0
C  [java+0x7699]  main+0x65
C  [java+0xed4]  start+0x34


---------------  P R O C E S S  ---------------

VM state:not at safepoint (normal execution)

VM Mutex/Monitor currently owned by a thread: None

Heap:
 PSYoungGen      total 23040K, used 15935K [0x000000016c380000, 0x000000016e880000, 0x0000000196e00000)
  eden space 20480K, 77% used [0x000000016c380000,0x000000016d2effb8,0x000000016d780000)
  from space 2560K, 5% used [0x000000016d780000,0x000000016d7a0000,0x000000016da00000)
  to   space 2560K, 0% used [0x000000016e600000,0x000000016e600000,0x000000016e880000)
 ParOldGen       total 129536K, used 5370K [0x0000000116e00000, 0x000000011ec80000, 0x000000016c380000)
  object space 129536K, 4% used [0x0000000116e00000,0x000000011733e848,0x000000011ec80000)
 Metaspace       used 16904K, capacity 17290K, committed 17536K, reserved 1064960K
  class space    used 2457K, capacity 2564K, committed 2688K, reserved 1048576K

Card table byte_map: [0x0000000196e00000,0x0000000197201000] byte_map_base: 0x0000000196549000

Marking Bits: (ParMarkBitMap*) 0x0000000106f820a0
 Begin Bits: [0x00000001978b8000, 0x00000001998b8000)
 End Bits:   [0x00000001998b8000, 0x000000019b8b8000)

Polling page: 0x0000000107720000

CodeCache: size=245760Kb used=8508Kb max_used=8580Kb free=237251Kb
 bounds [0x00000001077b6000, 0x0000000108026000, 0x00000001167b6000]
 total_blobs=3546 nmethods=2894 adapters=566
 compilation: enabled

Compilation events (10 events):
Event: 56.911 Thread 0x00007fdf54815800 2904       3       javafx.scene.layout.Region$StyleableProperties$7::isSettable (9 bytes)
Event: 56.911 Thread 0x00007fdf54815800 nmethod 2904 0x00000001078e40d0 code [0x00000001078e4260, 0x00000001078e4710]
Event: 56.927 Thread 0x00007fdf54815800 2905       3       com.sun.javafx.geom.Rectangle::intersectWith (182 bytes)
Event: 56.927 Thread 0x00007fdf54815800 nmethod 2905 0x000000010793fad0 code [0x000000010793fc40, 0x0000000107940090]
Event: 56.928 Thread 0x00007fdf5281b000 2906       4       com.sun.prism.impl.BaseTexture::isSurfaceLost (16 bytes)
Event: 56.929 Thread 0x00007fdf5281b000 nmethod 2906 0x00000001078c0250 code [0x00000001078c03a0, 0x00000001078c0438]
Event: 56.929 Thread 0x00007fdf54815800 2907       3       com.sun.javafx.geom.Path2D::copyOf (19 bytes)
Event: 56.930 Thread 0x00007fdf54815800 nmethod 2907 0x0000000107a8d210 code [0x0000000107a8d380, 0x0000000107a8d688]
Event: 56.930 Thread 0x00007fdf54815800 2908       3       com.sun.javafx.sg.prism.NGNode$PassThrough::<init> (15 bytes)
Event: 56.931 Thread 0x00007fdf54815800 nmethod 2908 0x000000010793f550 code [0x000000010793f6c0, 0x000000010793f990]

GC Heap History (10 events):
Event: 0.861 GC heap before
{Heap before GC invocations=9 (full 0):
 PSYoungGen      total 9728K, used 9034K [0x000000016c380000, 0x000000016ce80000, 0x0000000196e00000)
  eden space 8192K, 100% used [0x000000016c380000,0x000000016cb80000,0x000000016cb80000)
  from space 1536K, 54% used [0x000000016cd00000,0x000000016cdd29a0,0x000000016ce80000)
  to   space 1536K, 0% used [0x000000016cb80000,0x000000016cb80000,0x000000016cd00000)
 ParOldGen       total 129536K, used 1248K [0x0000000116e00000, 0x000000011ec80000, 0x000000016c380000)
  object space 129536K, 0% used [0x0000000116e00000,0x0000000116f38060,0x000000011ec80000)
 Metaspace       used 10500K, capacity 10722K, committed 11008K, reserved 1058816K
  class space    used 1417K, capacity 1492K, committed 1536K, reserved 1048576K
Event: 0.865 GC heap after
Heap after GC invocations=9 (full 0):
 PSYoungGen      total 9728K, used 1520K [0x000000016c380000, 0x000000016d480000, 0x0000000196e00000)
  eden space 8192K, 0% used [0x000000016c380000,0x000000016c380000,0x000000016cb80000)
  from space 1536K, 98% used [0x000000016cb80000,0x000000016ccfc010,0x000000016cd00000)
  to   space 2048K, 0% used [0x000000016d280000,0x000000016d280000,0x000000016d480000)
 ParOldGen       total 129536K, used 2038K [0x0000000116e00000, 0x000000011ec80000, 0x000000016c380000)
  object space 129536K, 1% used [0x0000000116e00000,0x0000000116ffd870,0x000000011ec80000)
 Metaspace       used 10500K, capacity 10722K, committed 11008K, reserved 1058816K
  class space    used 1417K, capacity 1492K, committed 1536K, reserved 1048576K
}
Event: 1.110 GC heap before
{Heap before GC invocations=10 (full 0):
 PSYoungGen      total 9728K, used 9712K [0x000000016c380000, 0x000000016d480000, 0x0000000196e00000)
  eden space 8192K, 100% used [0x000000016c380000,0x000000016cb80000,0x000000016cb80000)
  from space 1536K, 98% used [0x000000016cb80000,0x000000016ccfc010,0x000000016cd00000)
  to   space 2048K, 0% used [0x000000016d280000,0x000000016d280000,0x000000016d480000)
 ParOldGen       total 129536K, used 2038K [0x0000000116e00000, 0x000000011ec80000, 0x000000016c380000)
  object space 129536K, 1% used [0x0000000116e00000,0x0000000116ffd870,0x000000011ec80000)
 Metaspace       used 13481K, capacity 13676K, committed 13824K, reserved 1060864K
  class space    used 1974K, capacity 2021K, committed 2048K, reserved 1048576K
Event: 1.113 GC heap after
Heap after GC invocations=10 (full 0):
 PSYoungGen      total 14848K, used 2048K [0x000000016c380000, 0x000000016d580000, 0x0000000196e00000)
  eden space 12800K, 0% used [0x000000016c380000,0x000000016c380000,0x000000016d000000)
  from space 2048K, 100% used [0x000000016d280000,0x000000016d480000,0x000000016d480000)
  to   space 2560K, 0% used [0x000000016d000000,0x000000016d000000,0x000000016d280000)
 ParOldGen       total 129536K, used 2318K [0x0000000116e00000, 0x000000011ec80000, 0x000000016c380000)
  object space 129536K, 1% used [0x0000000116e00000,0x0000000117043870,0x000000011ec80000)
 Metaspace       used 13481K, capacity 13676K, committed 13824K, reserved 1060864K
  class space    used 1974K, capacity 2021K, committed 2048K, reserved 1048576K
}
Event: 4.699 GC heap before
{Heap before GC invocations=11 (full 0):
 PSYoungGen      total 14848K, used 14848K [0x000000016c380000, 0x000000016d580000, 0x0000000196e00000)
  eden space 12800K, 100% used [0x000000016c380000,0x000000016d000000,0x000000016d000000)
  from space 2048K, 100% used [0x000000016d280000,0x000000016d480000,0x000000016d480000)
  to   space 2560K, 0% used [0x000000016d000000,0x000000016d000000,0x000000016d280000)
 ParOldGen       total 129536K, used 2318K [0x0000000116e00000, 0x000000011ec80000, 0x000000016c380000)
  object space 129536K, 1% used [0x0000000116e00000,0x0000000117043870,0x000000011ec80000)
 Metaspace       used 16037K, capacity 16214K, committed 16640K, reserved 1062912K
  class space    used 2391K, capacity 2440K, committed 2560K, reserved 1048576K
Event: 4.704 GC heap after
Heap after GC invocations=11 (full 0):
 PSYoungGen      total 15360K, used 1288K [0x000000016c380000, 0x000000016dc80000, 0x0000000196e00000)
  eden space 12800K, 0% used [0x000000016c380000,0x000000016c380000,0x000000016d000000)
  from space 2560K, 50% used [0x000000016d000000,0x000000016d142010,0x000000016d280000)
  to   space 2560K, 0% used [0x000000016da00000,0x000000016da00000,0x000000016dc80000)
 ParOldGen       total 129536K, used 4183K [0x0000000116e00000, 0x000000011ec80000, 0x000000016c380000)
  object space 129536K, 3% used [0x0000000116e00000,0x0000000117215db8,0x000000011ec80000)
 Metaspace       used 16037K, capacity 16214K, committed 16640K, reserved 1062912K
  class space    used 2391K, capacity 2440K, committed 2560K, reserved 1048576K
}
Event: 5.031 GC heap before
{Heap before GC invocations=12 (full 0):
 PSYoungGen      total 15360K, used 14088K [0x000000016c380000, 0x000000016dc80000, 0x0000000196e00000)
  eden space 12800K, 100% used [0x000000016c380000,0x000000016d000000,0x000000016d000000)
  from space 2560K, 50% used [0x000000016d000000,0x000000016d142010,0x000000016d280000)
  to   space 2560K, 0% used [0x000000016da00000,0x000000016da00000,0x000000016dc80000)
 ParOldGen       total 129536K, used 4183K [0x0000000116e00000, 0x000000011ec80000, 0x000000016c380000)
  object space 129536K, 3% used [0x0000000116e00000,0x0000000117215db8,0x000000011ec80000)
 Metaspace       used 16041K, capacity 16214K, committed 16640K, reserved 1062912K
  class space    used 2391K, capacity 2440K, committed 2560K, reserved 1048576K
Event: 5.033 GC heap after
Heap after GC invocations=12 (full 0):
 PSYoungGen      total 23040K, used 128K [0x000000016c380000, 0x000000016dc80000, 0x0000000196e00000)
  eden space 20480K, 0% used [0x000000016c380000,0x000000016c380000,0x000000016d780000)
  from space 2560K, 5% used [0x000000016da00000,0x000000016da20000,0x000000016dc80000)
  to   space 2560K, 0% used [0x000000016d780000,0x000000016d780000,0x000000016da00000)
 ParOldGen       total 129536K, used 5362K [0x0000000116e00000, 0x000000011ec80000, 0x000000016c380000)
  object space 129536K, 4% used [0x0000000116e00000,0x000000011733c848,0x000000011ec80000)
 Metaspace       used 16041K, capacity 16214K, committed 16640K, reserved 1062912K
  class space    used 2391K, capacity 2440K, committed 2560K, reserved 1048576K
}
Event: 5.519 GC heap before
{Heap before GC invocations=13 (full 0):
 PSYoungGen      total 23040K, used 20608K [0x000000016c380000, 0x000000016dc80000, 0x0000000196e00000)
  eden space 20480K, 100% used [0x000000016c380000,0x000000016d780000,0x000000016d780000)
  from space 2560K, 5% used [0x000000016da00000,0x000000016da20000,0x000000016dc80000)
  to   space 2560K, 0% used [0x000000016d780000,0x000000016d780000,0x000000016da00000)
 ParOldGen       total 129536K, used 5362K [0x0000000116e00000, 0x000000011ec80000, 0x000000016c380000)
  object space 129536K, 4% used [0x0000000116e00000,0x000000011733c848,0x000000011ec80000)
 Metaspace       used 16055K, capacity 16278K, committed 16640K, reserved 1062912K
  class space    used 2391K, capacity 2440K, committed 2560K, reserved 1048576K
Event: 5.520 GC heap after
Heap after GC invocations=13 (full 0):
 PSYoungGen      total 23040K, used 128K [0x000000016c380000, 0x000000016e880000, 0x0000000196e00000)
  eden space 20480K, 0% used [0x000000016c380000,0x000000016c380000,0x000000016d780000)
  from space 2560K, 5% used [0x000000016d780000,0x000000016d7a0000,0x000000016da00000)
  to   space 2560K, 0% used [0x000000016e600000,0x000000016e600000,0x000000016e880000)
 ParOldGen       total 129536K, used 5370K [0x0000000116e00000, 0x000000011ec80000, 0x000000016c380000)
  object space 129536K, 4% used [0x0000000116e00000,0x000000011733e848,0x000000011ec80000)
 Metaspace       used 16055K, capacity 16278K, committed 16640K, reserved 1062912K
  class space    used 2391K, capacity 2440K, committed 2560K, reserved 1048576K
}

Deoptimization events (10 events):
Event: 18.521 Thread 0x00007fdf540b0800 Uncommon trap: reason=class_check action=maybe_recompile pc=0x0000000107d3812c method=no.simonsen.midi.PatternCombiner.getNext()Lno/simonsen/midi/MidiEvent; @ 16
Event: 18.622 Thread 0x00007fdf540b0800 Uncommon trap: reason=class_check action=maybe_recompile pc=0x0000000107d3812c method=no.simonsen.midi.PatternCombiner.getNext()Lno/simonsen/midi/MidiEvent; @ 16
Event: 19.622 Thread 0x00007fdf540b0800 Uncommon trap: reason=class_check action=maybe_recompile pc=0x0000000107d3812c method=no.simonsen.midi.PatternCombiner.getNext()Lno/simonsen/midi/MidiEvent; @ 16
Event: 20.693 Thread 0x00007fdf5284a000 Uncommon trap: reason=class_check action=maybe_recompile pc=0x0000000107fae804 method=com.sun.javafx.sg.prism.NGNode.doRender(Lcom/sun/prism/Graphics;)V @ 5
Event: 20.693 Thread 0x00007fdf5284a000 Uncommon trap: reason=class_check action=maybe_recompile pc=0x0000000107fae804 method=com.sun.javafx.sg.prism.NGNode.doRender(Lcom/sun/prism/Graphics;)V @ 5
Event: 20.693 Thread 0x00007fdf5284a000 Uncommon trap: reason=class_check action=maybe_recompile pc=0x0000000107fae804 method=com.sun.javafx.sg.prism.NGNode.doRender(Lcom/sun/prism/Graphics;)V @ 5
Event: 20.694 Thread 0x00007fdf5284a000 Uncommon trap: reason=class_check action=maybe_recompile pc=0x0000000107fae804 method=com.sun.javafx.sg.prism.NGNode.doRender(Lcom/sun/prism/Graphics;)V @ 5
Event: 21.186 Thread 0x00007fdf52869000 Uncommon trap: reason=class_check action=maybe_recompile pc=0x0000000107d3812c method=no.simonsen.midi.PatternCombiner.getNext()Lno/simonsen/midi/MidiEvent; @ 16
Event: 56.827 Thread 0x00007fdf52869000 Uncommon trap: reason=class_check action=maybe_recompile pc=0x0000000107fee438 method=javafx.scene.Node.isVisible()Z @ 15
Event: 56.843 Thread 0x00007fdf52869000 Uncommon trap: reason=class_check action=maybe_recompile pc=0x0000000107fee438 method=javafx.scene.Node.isVisible()Z @ 15

Internal exceptions (10 events):
Event: 10.898 Thread 0x00007fdf52869000 Exception <a 'java/security/PrivilegedActionException'> (0x000000016cc65b50) thrown at [/HUDSON/workspace/8-2-build-macosx-x86_64/jdk8/2238/hotspot/src/share/vm/prims/jvm.cpp, line 1248]
Event: 10.900 Thread 0x00007fdf52869000 Exception <a 'java/security/PrivilegedActionException'> (0x000000016cc695d8) thrown at [/HUDSON/workspace/8-2-build-macosx-x86_64/jdk8/2238/hotspot/src/share/vm/prims/jvm.cpp, line 1248]
Event: 10.912 Thread 0x00007fdf52869000 Exception <a 'java/security/PrivilegedActionException'> (0x000000016ccb8180) thrown at [/HUDSON/workspace/8-2-build-macosx-x86_64/jdk8/2238/hotspot/src/share/vm/prims/jvm.cpp, line 1248]
Event: 10.914 Thread 0x00007fdf52869000 Exception <a 'java/security/PrivilegedActionException'> (0x000000016ccbfb88) thrown at [/HUDSON/workspace/8-2-build-macosx-x86_64/jdk8/2238/hotspot/src/share/vm/prims/jvm.cpp, line 1248]
Event: 10.915 Thread 0x00007fdf52869000 Exception <a 'java/security/PrivilegedActionException'> (0x000000016ccc5648) thrown at [/HUDSON/workspace/8-2-build-macosx-x86_64/jdk8/2238/hotspot/src/share/vm/prims/jvm.cpp, line 1248]
Event: 10.919 Thread 0x00007fdf52869000 Exception <a 'java/security/PrivilegedActionException'> (0x000000016ccd5198) thrown at [/HUDSON/workspace/8-2-build-macosx-x86_64/jdk8/2238/hotspot/src/share/vm/prims/jvm.cpp, line 1248]
Event: 15.048 Thread 0x00007fdf52869000 Exception <a 'java/security/PrivilegedActionException'> (0x000000016cfc16f8) thrown at [/HUDSON/workspace/8-2-build-macosx-x86_64/jdk8/2238/hotspot/src/share/vm/prims/jvm.cpp, line 1248]
Event: 15.048 Thread 0x00007fdf52869000 Exception <a 'java/security/PrivilegedActionException'> (0x000000016cfc3000) thrown at [/HUDSON/workspace/8-2-build-macosx-x86_64/jdk8/2238/hotspot/src/share/vm/prims/jvm.cpp, line 1248]
Event: 15.048 Thread 0x00007fdf52869000 Exception <a 'java/security/PrivilegedActionException'> (0x000000016cff4048) thrown at [/HUDSON/workspace/8-2-build-macosx-x86_64/jdk8/2238/hotspot/src/share/vm/prims/jvm.cpp, line 1248]
Event: 15.049 Thread 0x00007fdf52869000 Exception <a 'java/security/PrivilegedActionException'> (0x000000016cff5a50) thrown at [/HUDSON/workspace/8-2-build-macosx-x86_64/jdk8/2238/hotspot/src/share/vm/prims/jvm.cpp, line 1248]

Events (10 events):
Event: 57.932 loading class com/sun/javafx/application/PlatformImpl$8 done
Event: 57.933 loading class com/sun/javafx/application/PlatformImpl$10
Event: 57.933 loading class com/sun/javafx/application/PlatformImpl$10 done
Event: 57.934 loading class com/sun/javafx/tk/quantum/QuantumRenderer$5
Event: 57.934 loading class com/sun/javafx/tk/quantum/QuantumRenderer$5 done
Event: 57.934 Thread 0x00007fdf538da800 Thread exited: 0x00007fdf538da800
Event: 57.934 Thread 0x00007fdf54001000 Thread exited: 0x00007fdf54001000
Event: 57.935 Thread 0x00007fdf538da800 Thread added: 0x00007fdf538da800
Event: 57.935 Thread 0x00007fdf5284a000 Thread exited: 0x00007fdf5284a000
Event: 57.937 Thread 0x00007fdf52869000 Thread exited: 0x00007fdf52869000


Dynamic libraries:
0x0000000005689000 	/System/Library/Frameworks/Cocoa.framework/Versions/A/Cocoa
0x0000000005689000 	/System/Library/Frameworks/Security.framework/Versions/A/Security
0x0000000005689000 	/System/Library/Frameworks/ApplicationServices.framework/Versions/A/ApplicationServices
0x0000000005689000 	/usr/lib/libz.1.dylib
0x0000000005689000 	/usr/lib/libSystem.B.dylib
0x0000000005689000 	/usr/lib/libobjc.A.dylib
0x0000000005689000 	/System/Library/Frameworks/CoreFoundation.framework/Versions/A/CoreFoundation
0x0000000005689000 	/System/Library/Frameworks/Foundation.framework/Versions/C/Foundation
0x0000000005689000 	/System/Library/Frameworks/AppKit.framework/Versions/C/AppKit
0x0000000005689000 	/System/Library/Frameworks/CoreData.framework/Versions/A/CoreData
0x0000000005689000 	/System/Library/PrivateFrameworks/RemoteViewServices.framework/Versions/A/RemoteViewServices
0x0000000005689000 	/System/Library/Frameworks/AudioToolbox.framework/Versions/A/AudioToolbox
0x0000000005689000 	/System/Library/Frameworks/AudioUnit.framework/Versions/A/AudioUnit
0x0000000005689000 	/System/Library/PrivateFrameworks/DataDetectorsCore.framework/Versions/A/DataDetectorsCore
0x0000000005689000 	/System/Library/PrivateFrameworks/DesktopServicesPriv.framework/Versions/A/DesktopServicesPriv
0x0000000005689000 	/System/Library/Frameworks/Carbon.framework/Versions/A/Frameworks/HIToolbox.framework/Versions/A/HIToolbox
0x0000000005689000 	/System/Library/Frameworks/QuartzCore.framework/Versions/A/QuartzCore
0x0000000005689000 	/System/Library/Frameworks/Carbon.framework/Versions/A/Frameworks/SpeechRecognition.framework/Versions/A/SpeechRecognition
0x0000000005689000 	/usr/lib/libauto.dylib
0x0000000005689000 	/usr/lib/libicucore.A.dylib
0x0000000005689000 	/usr/lib/libxml2.2.dylib
0x0000000005689000 	/System/Library/PrivateFrameworks/CoreUI.framework/Versions/A/CoreUI
0x0000000005689000 	/System/Library/Frameworks/CoreAudio.framework/Versions/A/CoreAudio
0x0000000005689000 	/System/Library/Frameworks/DiskArbitration.framework/Versions/A/DiskArbitration
0x0000000005689000 	/usr/lib/liblangid.dylib
0x0000000005689000 	/System/Library/PrivateFrameworks/MultitouchSupport.framework/Versions/A/MultitouchSupport
0x0000000005689000 	/System/Library/Frameworks/IOKit.framework/Versions/A/IOKit
0x0000000005689000 	/usr/lib/libDiagnosticMessagesClient.dylib
0x0000000005689000 	/System/Library/Frameworks/CoreServices.framework/Versions/A/CoreServices
0x0000000005689000 	/System/Library/PrivateFrameworks/PerformanceAnalysis.framework/Versions/A/PerformanceAnalysis
0x0000000005689000 	/System/Library/PrivateFrameworks/GenerationalStorage.framework/Versions/A/GenerationalStorage
0x0000000005689000 	/System/Library/Frameworks/OpenGL.framework/Versions/A/OpenGL
0x0000000005689000 	/System/Library/Frameworks/CoreText.framework/Versions/A/CoreText
0x0000000005689000 	/System/Library/Frameworks/ImageIO.framework/Versions/A/ImageIO
0x0000000005689000 	/System/Library/PrivateFrameworks/Backup.framework/Versions/A/Backup
0x0000000005689000 	/System/Library/Frameworks/CFNetwork.framework/Versions/A/CFNetwork
0x0000000005689000 	/System/Library/Frameworks/SystemConfiguration.framework/Versions/A/SystemConfiguration
0x0000000005689000 	/usr/lib/libCRFSuite.dylib
0x0000000005689000 	/System/Library/PrivateFrameworks/TCC.framework/Versions/A/TCC
0x0000000005689000 	/usr/lib/libc++.1.dylib
0x0000000005689000 	/usr/lib/libc++abi.dylib
0x0000000005689000 	/usr/lib/system/libcache.dylib
0x0000000005689000 	/usr/lib/system/libcommonCrypto.dylib
0x0000000005689000 	/usr/lib/system/libcompiler_rt.dylib
0x0000000005689000 	/usr/lib/system/libcopyfile.dylib
0x0000000005689000 	/usr/lib/system/libdispatch.dylib
0x0000000005689000 	/usr/lib/system/libdnsinfo.dylib
0x0000000005689000 	/usr/lib/system/libdyld.dylib
0x0000000005689000 	/usr/lib/system/libkeymgr.dylib
0x0000000005689000 	/usr/lib/system/liblaunch.dylib
0x0000000005689000 	/usr/lib/system/libmacho.dylib
0x0000000005689000 	/usr/lib/system/libquarantine.dylib
0x0000000005689000 	/usr/lib/system/libremovefile.dylib
0x0000000005689000 	/usr/lib/system/libsystem_blocks.dylib
0x0000000005689000 	/usr/lib/system/libsystem_c.dylib
0x0000000005689000 	/usr/lib/system/libsystem_dnssd.dylib
0x0000000005689000 	/usr/lib/system/libsystem_info.dylib
0x0000000005689000 	/usr/lib/system/libsystem_kernel.dylib
0x0000000005689000 	/usr/lib/system/libsystem_m.dylib
0x0000000005689000 	/usr/lib/system/libsystem_network.dylib
0x0000000005689000 	/usr/lib/system/libsystem_notify.dylib
0x0000000005689000 	/usr/lib/system/libsystem_sandbox.dylib
0x0000000005689000 	/usr/lib/system/libunc.dylib
0x0000000005689000 	/usr/lib/system/libunwind.dylib
0x0000000005689000 	/usr/lib/system/libxpc.dylib
0x0000000005689000 	/usr/lib/system/libcorecrypto.dylib
0x0000000005689000 	/usr/lib/libstdc++.6.dylib
0x0000000005689000 	/usr/lib/libbsm.0.dylib
0x0000000005689000 	/usr/lib/libsqlite3.dylib
0x0000000005689000 	/usr/lib/libxar.1.dylib
0x0000000005689000 	/usr/lib/libpam.2.dylib
0x0000000005689000 	/usr/lib/libOpenScriptingUtil.dylib
0x0000000005689000 	/usr/lib/libbz2.1.0.dylib
0x0000000005689000 	/System/Library/Frameworks/CoreServices.framework/Versions/A/Frameworks/CarbonCore.framework/Versions/A/CarbonCore
0x0000000005689000 	/System/Library/Frameworks/CoreServices.framework/Versions/A/Frameworks/Metadata.framework/Versions/A/Metadata
0x0000000005689000 	/System/Library/Frameworks/CoreServices.framework/Versions/A/Frameworks/OSServices.framework/Versions/A/OSServices
0x0000000005689000 	/System/Library/Frameworks/CoreServices.framework/Versions/A/Frameworks/SearchKit.framework/Versions/A/SearchKit
0x0000000005689000 	/System/Library/Frameworks/CoreServices.framework/Versions/A/Frameworks/AE.framework/Versions/A/AE
0x0000000005689000 	/System/Library/Frameworks/CoreServices.framework/Versions/A/Frameworks/LaunchServices.framework/Versions/A/LaunchServices
0x0000000005689000 	/System/Library/Frameworks/CoreServices.framework/Versions/A/Frameworks/DictionaryServices.framework/Versions/A/DictionaryServices
0x0000000005689000 	/System/Library/Frameworks/NetFS.framework/Versions/A/NetFS
0x0000000005689000 	/usr/lib/system/libkxld.dylib
0x0000000005689000 	/System/Library/PrivateFrameworks/NetAuth.framework/Versions/A/NetAuth
0x0000000005689000 	/System/Library/Frameworks/OpenDirectory.framework/Versions/A/Frameworks/CFOpenDirectory.framework/Versions/A/CFOpenDirectory
0x0000000005689000 	/usr/lib/libxslt.1.dylib
0x0000000005689000 	/System/Library/PrivateFrameworks/FamilyControls.framework/Versions/A/FamilyControls
0x0000000005689000 	/System/Library/Frameworks/Carbon.framework/Versions/A/Frameworks/Ink.framework/Versions/A/Ink
0x0000000005689000 	/System/Library/Frameworks/ApplicationServices.framework/Versions/A/Frameworks/CoreGraphics.framework/Versions/A/CoreGraphics
0x0000000005689000 	/System/Library/Frameworks/ApplicationServices.framework/Versions/A/Frameworks/ATS.framework/Versions/A/ATS
0x0000000005689000 	/System/Library/Frameworks/ApplicationServices.framework/Versions/A/Frameworks/ColorSync.framework/Versions/A/ColorSync
0x0000000005689000 	/System/Library/Frameworks/ApplicationServices.framework/Versions/A/Frameworks/HIServices.framework/Versions/A/HIServices
0x0000000005689000 	/System/Library/Frameworks/ApplicationServices.framework/Versions/A/Frameworks/LangAnalysis.framework/Versions/A/LangAnalysis
0x0000000005689000 	/System/Library/Frameworks/ApplicationServices.framework/Versions/A/Frameworks/PrintCore.framework/Versions/A/PrintCore
0x0000000005689000 	/System/Library/Frameworks/ApplicationServices.framework/Versions/A/Frameworks/QD.framework/Versions/A/QD
0x0000000005689000 	/System/Library/Frameworks/ApplicationServices.framework/Versions/A/Frameworks/SpeechSynthesis.framework/Versions/A/SpeechSynthesis
0x0000000005689000 	/System/Library/Frameworks/IOSurface.framework/Versions/A/IOSurface
0x0000000005689000 	/System/Library/Frameworks/Accelerate.framework/Versions/A/Accelerate
0x0000000005689000 	/System/Library/Frameworks/ApplicationServices.framework/Versions/A/Frameworks/ATS.framework/Versions/A/Resources/libFontParser.dylib
0x0000000005689000 	/System/Library/Frameworks/ApplicationServices.framework/Versions/A/Frameworks/ATS.framework/Versions/A/Resources/libFontRegistry.dylib
0x0000000005689000 	/System/Library/Frameworks/Accelerate.framework/Versions/A/Frameworks/vImage.framework/Versions/A/vImage
0x0000000005689000 	/System/Library/Frameworks/Accelerate.framework/Versions/A/Frameworks/vecLib.framework/Versions/A/vecLib
0x0000000005689000 	/System/Library/Frameworks/Accelerate.framework/Versions/A/Frameworks/vecLib.framework/Versions/A/libvDSP.dylib
0x0000000005689000 	/System/Library/Frameworks/Accelerate.framework/Versions/A/Frameworks/vecLib.framework/Versions/A/libvMisc.dylib
0x0000000005689000 	/System/Library/Frameworks/Accelerate.framework/Versions/A/Frameworks/vecLib.framework/Versions/A/libLAPACK.dylib
0x0000000005689000 	/System/Library/Frameworks/Accelerate.framework/Versions/A/Frameworks/vecLib.framework/Versions/A/libBLAS.dylib
0x0000000005689000 	/System/Library/Frameworks/ImageIO.framework/Versions/A/Resources/libJPEG.dylib
0x0000000005689000 	/System/Library/Frameworks/ImageIO.framework/Versions/A/Resources/libTIFF.dylib
0x0000000005689000 	/System/Library/Frameworks/ImageIO.framework/Versions/A/Resources/libPng.dylib
0x0000000005689000 	/System/Library/Frameworks/ImageIO.framework/Versions/A/Resources/libGIF.dylib
0x0000000005689000 	/System/Library/Frameworks/ImageIO.framework/Versions/A/Resources/libJP2.dylib
0x0000000005689000 	/System/Library/Frameworks/ImageIO.framework/Versions/A/Resources/libRadiance.dylib
0x0000000005689000 	/usr/lib/libcups.2.dylib
0x0000000005689000 	/System/Library/Frameworks/Kerberos.framework/Versions/A/Kerberos
0x0000000005689000 	/System/Library/Frameworks/GSS.framework/Versions/A/GSS
0x0000000005689000 	/usr/lib/libresolv.9.dylib
0x0000000005689000 	/usr/lib/libiconv.2.dylib
0x0000000005689000 	/System/Library/PrivateFrameworks/Heimdal.framework/Versions/A/Heimdal
0x0000000005689000 	/System/Library/PrivateFrameworks/TrustEvaluationAgent.framework/Versions/A/TrustEvaluationAgent
0x0000000005689000 	/System/Library/Frameworks/OpenDirectory.framework/Versions/A/OpenDirectory
0x0000000005689000 	/System/Library/PrivateFrameworks/CommonAuth.framework/Versions/A/CommonAuth
0x0000000005689000 	/System/Library/PrivateFrameworks/Bom.framework/Versions/A/Bom
0x0000000005689000 	/System/Library/Frameworks/CoreVideo.framework/Versions/A/CoreVideo
0x0000000005689000 	/System/Library/Frameworks/QuartzCore.framework/Versions/A/Frameworks/CoreImage.framework/Versions/A/CoreImage
0x0000000005689000 	/System/Library/Frameworks/QuartzCore.framework/Versions/A/Frameworks/ScalableUserInterface.framework/Versions/A/ScalableUserInterface
0x0000000005689000 	/System/Library/Frameworks/OpenGL.framework/Versions/A/Libraries/libGLU.dylib
0x0000000005689000 	/System/Library/Frameworks/OpenGL.framework/Versions/A/Libraries/libGFXShared.dylib
0x0000000005689000 	/System/Library/Frameworks/OpenGL.framework/Versions/A/Libraries/libGL.dylib
0x0000000005689000 	/System/Library/Frameworks/OpenGL.framework/Versions/A/Libraries/libGLImage.dylib
0x0000000005689000 	/System/Library/Frameworks/OpenGL.framework/Versions/A/Libraries/libCVMSPluginSupport.dylib
0x0000000005689000 	/System/Library/Frameworks/OpenGL.framework/Versions/A/Libraries/libCoreVMClient.dylib
0x0000000005689000 	/System/Library/PrivateFrameworks/CrashReporterSupport.framework/Versions/A/CrashReporterSupport
0x0000000005689000 	/System/Library/Frameworks/OpenCL.framework/Versions/A/OpenCL
0x0000000005689000 	/System/Library/PrivateFrameworks/FaceCoreLight.framework/Versions/A/FaceCoreLight
0x0000000005689000 	/System/Library/PrivateFrameworks/AppleFSCompression.framework/Versions/A/AppleFSCompression
0x0000000005689000 	/System/Library/PrivateFrameworks/Ubiquity.framework/Versions/A/Ubiquity
0x0000000005689000 	/System/Library/Frameworks/ServiceManagement.framework/Versions/A/ServiceManagement
0x0000000005689000 	/System/Library/PrivateFrameworks/ChunkingLibrary.framework/Versions/A/ChunkingLibrary
0x0000000005689000 	/System/Library/Frameworks/vecLib.framework/Versions/A/vecLib
0x0000000005689000 	/System/Library/Frameworks/SecurityFoundation.framework/Versions/A/SecurityFoundation
0x0000000005689000 	/System/Library/PrivateFrameworks/CommerceKit.framework/Versions/A/Frameworks/CommerceCore.framework/Versions/A/CommerceCore
0x0000000005689000 	/System/Library/PrivateFrameworks/CoreSymbolication.framework/Versions/A/CoreSymbolication
0x0000000005689000 	/System/Library/PrivateFrameworks/Symbolication.framework/Versions/A/Symbolication
0x0000000005689000 	/System/Library/PrivateFrameworks/DebugSymbols.framework/Versions/A/DebugSymbols
0x000000010671c000 	/Library/Java/JavaVirtualMachines/jdk1.8.0.jdk/Contents/Home/jre/lib/server/libjvm.dylib
0x00000001076de000 	/Library/Java/JavaVirtualMachines/jdk1.8.0.jdk/Contents/Home/jre/lib/libverify.dylib
0x00000001076ec000 	/Library/Java/JavaVirtualMachines/jdk1.8.0.jdk/Contents/Home/jre/lib/libjava.dylib
0x00000001077ad000 	/Library/Java/JavaVirtualMachines/jdk1.8.0.jdk/Contents/Home/jre/lib/libzip.dylib
0x0000000116be7000 	/System/Library/Frameworks/JavaVM.framework/Frameworks/JavaRuntimeSupport.framework/JavaRuntimeSupport
0x00000001dda43000 	/System/Library/Frameworks/JavaVM.framework/Versions/A/Frameworks/JavaNativeFoundation.framework/Versions/A/JavaNativeFoundation
0x00000001dda58000 	/System/Library/Frameworks/JavaVM.framework/Versions/A/JavaVM
0x0000000005689000 	/System/Library/Frameworks/Carbon.framework/Versions/A/Carbon
0x00000001dda65000 	/System/Library/PrivateFrameworks/JavaLaunching.framework/Versions/A/JavaLaunching
0x0000000005689000 	/System/Library/Frameworks/Carbon.framework/Versions/A/Frameworks/CommonPanels.framework/Versions/A/CommonPanels
0x0000000005689000 	/System/Library/Frameworks/Carbon.framework/Versions/A/Frameworks/Help.framework/Versions/A/Help
0x0000000005689000 	/System/Library/Frameworks/Carbon.framework/Versions/A/Frameworks/ImageCapture.framework/Versions/A/ImageCapture
0x0000000005689000 	/System/Library/Frameworks/Carbon.framework/Versions/A/Frameworks/OpenScripting.framework/Versions/A/OpenScripting
0x0000000005689000 	/System/Library/Frameworks/Carbon.framework/Versions/A/Frameworks/Print.framework/Versions/A/Print
0x0000000005689000 	/System/Library/Frameworks/Carbon.framework/Versions/A/Frameworks/SecurityHI.framework/Versions/A/SecurityHI
0x00000001de37e000 	/Library/Java/JavaVirtualMachines/jdk1.8.0.jdk/Contents/Home/jre/lib/libprism_es2.dylib
0x00000001de3f8000 	/System/Library/Frameworks/OpenGL.framework/Resources/GLEngine.bundle/GLEngine
0x00000001de5ed000 	/System/Library/Frameworks/OpenGL.framework/Versions/A/Libraries/libGLProgrammability.dylib
0x00000001de795000 	/System/Library/Extensions/AppleIntelHD4000GraphicsGLDriver.bundle/Contents/MacOS/AppleIntelHD4000GraphicsGLDriver
0x00000001ded91000 	/System/Library/PrivateFrameworks/IOAccelerator.framework/Versions/A/IOAccelerator
0x00000001ded9e000 	/System/Library/PrivateFrameworks/GPUSupport.framework/Versions/A/Libraries/libGPUSupportMercury.dylib
0x00000001df1b4000 	/System/Library/Frameworks/OpenGL.framework/Resources//GLRendererFloat.bundle/GLRendererFloat
0x00000001df1e8000 	/System/Library/Frameworks/OpenCL.framework/Versions/A/Libraries/libcldcpuengine.dylib
0x0000000005689000 	/System/Library/PrivateFrameworks/DiskImages.framework/Versions/A/DiskImages
0x0000000005689000 	/System/Library/Frameworks/DiscRecording.framework/Versions/A/DiscRecording
0x0000000005689000 	/usr/lib/libcurl.4.dylib
0x0000000005689000 	/System/Library/PrivateFrameworks/MediaKit.framework/Versions/A/MediaKit
0x0000000005689000 	/usr/lib/libssl.0.9.8.dylib
0x0000000005689000 	/usr/lib/libcrypto.0.9.8.dylib
0x0000000005689000 	/System/Library/Frameworks/LDAP.framework/Versions/A/LDAP
0x0000000005689000 	/usr/lib/libsasl2.2.dylib
0x00000001df61a000 	/Library/Java/JavaVirtualMachines/jdk1.8.0.jdk/Contents/Home/jre/lib/libglass.dylib
0x0000000005689000 	/System/Library/PrivateFrameworks/CoreServicesInternal.framework/Versions/A/CoreServicesInternal
0x0000000005689000 	/System/Library/PrivateFrameworks/Librarian.framework/Versions/A/Librarian
0x0000000005689000 	/System/Library/CoreServices/RawCamera.bundle/Contents/MacOS/RawCamera
0x0000000005689000 	/System/Library/Frameworks/ApplicationServices.framework/Versions/A/Frameworks/CoreGraphics.framework/Versions/A/Resources/libCSync.A.dylib
0x0000000005689000 	/System/Library/Frameworks/ApplicationServices.framework/Versions/A/Frameworks/CoreGraphics.framework/Versions/A/Resources/libRIP.A.dylib
0x00000001e2f17000 	/Library/Java/JavaVirtualMachines/jdk1.8.0.jdk/Contents/Home/jre/lib/libjavafx_iio.dylib
0x0000000005689000 	/System/Library/Frameworks/ApplicationServices.framework/Versions/A/Frameworks/CoreGraphics.framework/Versions/A/Resources/libCGXType.A.dylib
0x00000001e2f67000 	/Library/Java/JavaVirtualMachines/jdk1.8.0.jdk/Contents/Home/jre/lib/libjsound.dylib
0x00000001e4168000 	/System/Library/Frameworks/CoreMIDI.framework/Versions/A/CoreMIDI
0x0000000005689000 	/usr/lib/libexpat.1.dylib
0x00000001e41db000 	/System/Library/Extensions/AppleHDA.kext/Contents/PlugIns/AppleHDAHALPlugIn.bundle/Contents/MacOS/AppleHDAHALPlugIn
0x00000001e4389000 	/Library/Java/JavaVirtualMachines/jdk1.8.0.jdk/Contents/Home/jre/lib/libjavafx_font.dylib
0x00000001e4393000 	/Library/Java/JavaVirtualMachines/jdk1.8.0.jdk/Contents/Home/jre/lib/libnio.dylib
0x00000001e43a2000 	/Library/Java/JavaVirtualMachines/jdk1.8.0.jdk/Contents/Home/jre/lib/./libnet.dylib
0x00000001e0c9b000 	cl_kernels
0x00000001e6658000 	/System/Library/Frameworks/OpenCL.framework/Versions/A/Libraries/ImageFormats/unorm8_bgra.dylib
0x00000001e0ac9000 	cl_kernels
0x00000001e0ace000 	cl_kernels
0x00000001e0a9d000 	cl_kernels
0x00000001e0a9f000 	cl_kernels
0x00000001e0ad0000 	cl_kernels
0x00000001e2f7b000 	cl_kernels
0x00000001e657a000 	cl_kernels
0x00000001e67dd000 	/Library/Java/JavaVirtualMachines/jdk1.8.0.jdk/Contents/Home/jre/lib/libprism_common.dylib

VM Arguments:
jvm_args: -Dfile.encoding=UTF-8 
java_command: no.simonsen.gui.TestUI
java_class_path (initial): /Users/geirmund/git/sequencer/bin:/Applications/eclipse/plugins/org.junit_4.11.0.v201303080030/junit.jar:/Applications/eclipse/plugins/org.hamcrest.core_1.3.0.v201303031735.jar:/Users/geirmund/Downloads/logback-1.1.2/logback-classic-1.1.2.jar:/Users/geirmund/Downloads/logback-1.1.2/logback-core-1.1.2.jar:/Users/geirmund/Downloads/slf4j-1.7.7/slf4j-api-1.7.7.jar:/Library/Java/JavaVirtualMachines/jdk1.8.0.jdk/Contents/Home/jre/lib/ext/jfxrt.jar
Launcher Type: SUN_STANDARD

Environment Variables:
PATH=/usr/bin:/bin:/usr/sbin:/sbin
SHELL=/bin/bash

Signal Handlers:
SIGSEGV: [libjvm.dylib+0x55faef], sa_mask[0]=0xfffefeff, sa_flags=0x00000043
SIGBUS: [libjvm.dylib+0x55faef], sa_mask[0]=0xfffefeff, sa_flags=0x00000042
SIGFPE: [libjvm.dylib+0x44305a], sa_mask[0]=0xfffefeff, sa_flags=0x00000042
SIGPIPE: [libjvm.dylib+0x44305a], sa_mask[0]=0xfffefeff, sa_flags=0x00000042
SIGXFSZ: [libjvm.dylib+0x44305a], sa_mask[0]=0xfffefeff, sa_flags=0x00000042
SIGILL: [libjvm.dylib+0x44305a], sa_mask[0]=0xfffefeff, sa_flags=0x00000042
SIGUSR1: SIG_DFL, sa_mask[0]=0x00000000, sa_flags=0x00000002
SIGUSR2: [libjvm.dylib+0x442b78], sa_mask[0]=0x00000004, sa_flags=0x00000042
SIGHUP: [libjvm.dylib+0x440f05], sa_mask[0]=0xfffefeff, sa_flags=0x00000042
SIGINT: [libjvm.dylib+0x440f05], sa_mask[0]=0xfffefeff, sa_flags=0x00000042
SIGTERM: [libjvm.dylib+0x440f05], sa_mask[0]=0xfffefeff, sa_flags=0x00000042
SIGQUIT: [libjvm.dylib+0x440f05], sa_mask[0]=0xfffefeff, sa_flags=0x00000042


---------------  S Y S T E M  ---------------

OS:Bsduname:Darwin 12.5.0 Darwin Kernel Version 12.5.0: Sun Sep 29 13:33:47 PDT 2013; root:xnu-2050.48.12~1/RELEASE_X86_64 x86_64
rlimit: STACK 8192k, CORE 0k, NPROC 709, NOFILE 10240, AS infinity
load average:1.72 1.23 0.93

CPU:total 4 (2 cores per cpu, 2 threads per core) family 6 model 58 stepping 9, cmov, cx8, fxsr, mmx, sse, sse2, sse3, ssse3, sse4.1, sse4.2, popcnt, avx, aes, clmul, erms, ht, tsc, tscinvbit

Memory: 4k page, physical 8388608k(44720k free)

/proc/meminfo:


vm_info: Java HotSpot(TM) 64-Bit Server VM (25.0-b70) for bsd-amd64 JRE (1.8.0-b132), built on Mar  4 2014 03:11:43 by "java_re" with gcc 4.2.1 (Based on Apple Inc. build 5658) (LLVM build 2336.11.00)

time: Mon Jul 28 14:43:35 2014
elapsed time: 2673 seconds

